<?xml version="1.0" encoding="UTF-8"?>
<!-- Generated by org.testng.reporters.JUnitReportReporter -->
<testsuite hostname="DESKTOP-GSUKVBF" failures="0" tests="3" name="AutomationFrameworkProject.Checkout" time="86.934" errors="0" timestamp="2022-03-04T13:31:25 EST" skipped="0">
  <testcase classname="AutomationFrameworkProject.Checkout" name="verifyCartContents" time="50.537"/>
  <system-out/>
  <testcase classname="AutomationFrameworkProject.Checkout" name="verifyCheckout" time="34.962"/>
  <system-out/>
  <testcase classname="AutomationFrameworkProject.Checkout" name="verifyOrderPlaced" time="1.435"/>
  <system-out/>
</testsuite> <!-- AutomationFrameworkProject.Checkout -->
