<?xml version="1.0" encoding="UTF-8"?>
<!-- Generated by org.testng.reporters.JUnitReportReporter -->
<testsuite hostname="DESKTOP-GSUKVBF" failures="0" tests="2" name="AutomationFrameworkProject.ContactUs" time="29.292" errors="0" timestamp="2022-03-04T13:31:25 EST" skipped="0">
  <testcase classname="AutomationFrameworkProject.ContactUs" name="verifyReferenceOptions" time="5.297"/>
  <system-out/>
  <testcase classname="AutomationFrameworkProject.ContactUs" name="verifyContactOptions" time="23.995"/>
  <system-out/>
</testsuite> <!-- AutomationFrameworkProject.ContactUs -->
