<?xml version="1.0" encoding="UTF-8"?>
<!-- Generated by org.testng.reporters.JUnitReportReporter -->
<testsuite hostname="DESKTOP-GSUKVBF" failures="0" tests="2" name="AutomationFrameworkProject.SignIn" time="42.272" errors="0" timestamp="2022-03-04T13:31:25 EST" skipped="0">
  <testcase classname="AutomationFrameworkProject.SignIn" name="verifyForgotPassword" time="9.268"/>
  <system-out/>
  <testcase classname="AutomationFrameworkProject.SignIn" name="verifySignInAndOut" time="33.004"/>
  <system-out/>
</testsuite> <!-- AutomationFrameworkProject.SignIn -->
