<?xml version="1.0" encoding="UTF-8"?>
<!-- Generated by org.testng.reporters.JUnitReportReporter -->
<testsuite hostname="DESKTOP-GSUKVBF" failures="0" tests="5" name="AutomationFrameworkProject.HomePage" time="84.467" errors="0" timestamp="2022-03-04T13:31:25 EST" skipped="0">
  <testcase classname="AutomationFrameworkProject.HomePage" name="verifySearchSuggestions" time="14.308"/>
  <system-out/>
  <testcase classname="AutomationFrameworkProject.HomePage" name="verifySearchSuggestions" time="2.728"/>
  <system-out/>
  <testcase classname="AutomationFrameworkProject.HomePage" name="verifyFooterLinks" time="47.262"/>
  <system-out/>
  <testcase classname="AutomationFrameworkProject.HomePage" name="verifySearchSuggestions" time="7.304"/>
  <system-out/>
  <testcase classname="AutomationFrameworkProject.HomePage" name="verifySearchSuggestions" time="12.865"/>
  <system-out/>
</testsuite> <!-- AutomationFrameworkProject.HomePage -->
