<?xml version="1.0" encoding="UTF-8"?>
<!-- Generated by org.testng.reporters.JUnitReportReporter -->
<testsuite hostname="DESKTOP-GSUKVBF" failures="0" tests="2" name="AutomationFrameworkProject.SignIn" time="33.887" errors="0" timestamp="2022-03-04T13:44:57 EST" skipped="0">
  <testcase classname="AutomationFrameworkProject.SignIn" name="verifySignInAndOut" time="24.714"/>
  <system-out/>
  <testcase classname="AutomationFrameworkProject.SignIn" name="verifyForgotPassword" time="9.173"/>
  <system-out/>
</testsuite> <!-- AutomationFrameworkProject.SignIn -->
