<?xml version="1.0" encoding="UTF-8"?>
<!-- Generated by org.testng.reporters.JUnitReportReporter -->
<testsuite hostname="DESKTOP-GSUKVBF" failures="0" tests="3" name="AutomationFrameworkProject.Checkout" time="55.410" errors="0" timestamp="2022-03-04T13:44:57 EST" skipped="0">
  <testcase classname="AutomationFrameworkProject.Checkout" name="verifyOrderPlaced" time="1.301"/>
  <system-out/>
  <testcase classname="AutomationFrameworkProject.Checkout" name="verifyCartContents" time="42.826"/>
  <system-out/>
  <testcase classname="AutomationFrameworkProject.Checkout" name="verifyCheckout" time="11.283"/>
  <system-out/>
</testsuite> <!-- AutomationFrameworkProject.Checkout -->
